Microsoft HTML Help Compiler 4.74.8702

Compiling c:\Private\RegexExplorer\Help\Help.chm


Compile time: 0 minutes, 2 seconds
10	Topics
15	Local links
1	Internet link
39	Graphics


Created c:\Private\RegexExplorer\Help\Help.chm, 88,698 bytes
Compression decreased file by 48,412 bytes.
Microsoft HTML Help Compiler 4.74.8702

Compiling c:\Private\RegexExplorer\Help\Help.chm


Compile time: 0 minutes, 2 seconds
10	Topics
15	Local links
1	Internet link
39	Graphics


Created c:\Private\RegexExplorer\Help\Help.chm, 89,042 bytes
Compression decreased file by 48,637 bytes.
Microsoft HTML Help Compiler 4.74.8702

Compiling c:\Private\RegexExplorer\Help\Help.chm


Compile time: 0 minutes, 2 seconds
10	Topics
15	Local links
1	Internet link
39	Graphics


Created c:\Private\RegexExplorer\Help\Help.chm, 89,052 bytes
Compression decreased file by 48,781 bytes.
Microsoft HTML Help Compiler 4.74.8702

Compiling c:\Private\RegexExplorer\Help\Help.chm


Compile time: 0 minutes, 4 seconds
10	Topics
15	Local links
1	Internet link
39	Graphics


Created c:\Private\RegexExplorer\Help\Help.chm, 89,052 bytes
Compression decreased file by 48,774 bytes.
Microsoft HTML Help Compiler 4.74.8702

Compiling c:\Private\RegexExplorer\Help\RusHelp.chm


Compile time: 0 minutes, 3 seconds
10	Topics
15	Local links
1	Internet link
39	Graphics


Created c:\Private\RegexExplorer\Help\RusHelp.chm, 92,625 bytes
Compression decreased file by 51,545 bytes.
